<?xml version="1.0" encoding="UTF-8"?>
<testsuite name="com.remme.springboot.PostsApiControllerTest" tests="2" skipped="0" failures="0" errors="0" timestamp="2020-03-09T12:46:26" hostname="DESKTOP-9JJ15A7" time="0.361">
  <properties/>
  <testcase name="Posts_등록된다" classname="com.remme.springboot.PostsApiControllerTest" time="0.148"/>
  <testcase name="Posts_수정된다" classname="com.remme.springboot.PostsApiControllerTest" time="0.212"/>
  <system-out><![CDATA[2020-03-09 21:46:26.543  INFO 21952 --- [    Test worker] .b.t.c.SpringBootTestContextBootstrapper : Neither @ContextConfiguration nor @ContextHierarchy found for test class [com.remme.springboot.PostsApiControllerTest], using SpringBootContextLoader
2020-03-09 21:46:26.547  INFO 21952 --- [    Test worker] o.s.t.c.support.AbstractContextLoader    : Could not detect default resource locations for test class [com.remme.springboot.PostsApiControllerTest]: no resource found for suffixes {-context.xml, Context.groovy}.
2020-03-09 21:46:26.549  INFO 21952 --- [    Test worker] t.c.s.AnnotationConfigContextLoaderUtils : Could not detect default configuration classes for test class [com.remme.springboot.PostsApiControllerTest]: PostsApiControllerTest does not declare any static, non-private, non-final, nested classes annotated with @Configuration.
2020-03-09 21:46:26.554  INFO 21952 --- [    Test worker] .b.t.c.SpringBootTestContextBootstrapper : Found @SpringBootConfiguration com.remme.springboot.Application for test class com.remme.springboot.PostsApiControllerTest
2020-03-09 21:46:26.556  INFO 21952 --- [    Test worker] .b.t.c.SpringBootTestContextBootstrapper : Loaded default TestExecutionListener class names from location [META-INF/spring.factories]: [org.springframework.security.test.context.support.WithSecurityContextTestExecutionListener, org.springframework.security.test.context.support.ReactorContextTestExecutionListener, org.springframework.boot.test.autoconfigure.restdocs.RestDocsTestExecutionListener, org.springframework.boot.test.autoconfigure.web.client.MockRestServiceServerResetTestExecutionListener, org.springframework.boot.test.autoconfigure.web.servlet.MockMvcPrintOnlyOnFailureTestExecutionListener, org.springframework.boot.test.autoconfigure.web.servlet.WebDriverTestExecutionListener, org.springframework.boot.test.mock.mockito.MockitoTestExecutionListener, org.springframework.boot.test.mock.mockito.ResetMocksTestExecutionListener, org.springframework.test.context.web.ServletTestExecutionListener, org.springframework.test.context.support.DirtiesContextBeforeModesTestExecutionListener, org.springframework.test.context.support.DependencyInjectionTestExecutionListener, org.springframework.test.context.support.DirtiesContextTestExecutionListener, org.springframework.test.context.transaction.TransactionalTestExecutionListener, org.springframework.test.context.jdbc.SqlScriptsTestExecutionListener]
2020-03-09 21:46:26.559  INFO 21952 --- [    Test worker] .b.t.c.SpringBootTestContextBootstrapper : Using TestExecutionListeners: [org.springframework.test.context.web.ServletTestExecutionListener@4f776995, org.springframework.test.context.support.DirtiesContextBeforeModesTestExecutionListener@ea5fccd, org.springframework.boot.test.mock.mockito.MockitoTestExecutionListener@23ce246b, org.springframework.boot.test.autoconfigure.SpringBootDependencyInjectionTestExecutionListener@493edd3d, org.springframework.test.context.support.DirtiesContextTestExecutionListener@3df13e4e, org.springframework.test.context.transaction.TransactionalTestExecutionListener@1c13eea9, org.springframework.test.context.jdbc.SqlScriptsTestExecutionListener@4e2c6c3c, org.springframework.security.test.context.support.WithSecurityContextTestExecutionListener@71c487f1, org.springframework.security.test.context.support.ReactorContextTestExecutionListener@4573c4c9, org.springframework.boot.test.autoconfigure.restdocs.RestDocsTestExecutionListener@46161c68, org.springframework.boot.test.autoconfigure.web.client.MockRestServiceServerResetTestExecutionListener@6b76c51a, org.springframework.boot.test.autoconfigure.web.servlet.MockMvcPrintOnlyOnFailureTestExecutionListener@3ed82c8a, org.springframework.boot.test.autoconfigure.web.servlet.WebDriverTestExecutionListener@65d6e214, org.springframework.boot.test.mock.mockito.ResetMocksTestExecutionListener@1355579a]
2020-03-09 21:46:26.584  INFO 21952 --- [    Test worker] o.a.c.c.C.[Tomcat].[localhost].[/]       : Initializing Spring TestDispatcherServlet ''
2020-03-09 21:46:26.584  INFO 21952 --- [    Test worker] o.s.t.web.servlet.TestDispatcherServlet  : Initializing Servlet ''
2020-03-09 21:46:26.602  INFO 21952 --- [    Test worker] o.s.t.web.servlet.TestDispatcherServlet  : Completed initialization in 14 ms
Hibernate: insert into posts (create_date, modified_date, author, content, title) values (?, ?, ?, ?, ?)
Hibernate: select posts0_.id as id1_0_, posts0_.create_date as create_d2_0_, posts0_.modified_date as modified3_0_, posts0_.author as author4_0_, posts0_.content as content5_0_, posts0_.title as title6_0_ from posts posts0_
Hibernate: select posts0_.id as id1_0_, posts0_.create_date as create_d2_0_, posts0_.modified_date as modified3_0_, posts0_.author as author4_0_, posts0_.content as content5_0_, posts0_.title as title6_0_ from posts posts0_
Hibernate: delete from posts where id=?
2020-03-09 21:46:26.752  INFO 21952 --- [    Test worker] o.a.c.c.C.[Tomcat].[localhost].[/]       : Initializing Spring TestDispatcherServlet ''
2020-03-09 21:46:26.754  INFO 21952 --- [    Test worker] o.s.t.web.servlet.TestDispatcherServlet  : Initializing Servlet ''
2020-03-09 21:46:26.784  INFO 21952 --- [    Test worker] o.s.t.web.servlet.TestDispatcherServlet  : Completed initialization in 30 ms
Hibernate: insert into posts (create_date, modified_date, author, content, title) values (?, ?, ?, ?, ?)
Hibernate: select posts0_.id as id1_0_0_, posts0_.create_date as create_d2_0_0_, posts0_.modified_date as modified3_0_0_, posts0_.author as author4_0_0_, posts0_.content as content5_0_0_, posts0_.title as title6_0_0_ from posts posts0_ where posts0_.id=?
Hibernate: update posts set create_date=?, modified_date=?, author=?, content=?, title=? where id=?
Hibernate: select posts0_.id as id1_0_, posts0_.create_date as create_d2_0_, posts0_.modified_date as modified3_0_, posts0_.author as author4_0_, posts0_.content as content5_0_, posts0_.title as title6_0_ from posts posts0_
Hibernate: select posts0_.id as id1_0_, posts0_.create_date as create_d2_0_, posts0_.modified_date as modified3_0_, posts0_.author as author4_0_, posts0_.content as content5_0_, posts0_.title as title6_0_ from posts posts0_
Hibernate: delete from posts where id=?
]]></system-out>
  <system-err><![CDATA[]]></system-err>
</testsuite>
