<?xml version="1.0" encoding="UTF-8"?>
<testsuite name="com.remme.springboot.domain.posts.PostsRepositoryTest" tests="1" skipped="0" failures="0" errors="0" timestamp="2020-03-08T06:14:50" hostname="DESKTOP-9JJ15A7" time="0.514">
  <properties/>
  <testcase name="BaseTimeEntity_등록" classname="com.remme.springboot.domain.posts.PostsRepositoryTest" time="0.514"/>
  <system-out><![CDATA[15:14:37.447 [Test worker] DEBUG org.springframework.test.context.junit4.SpringJUnit4ClassRunner - SpringJUnit4ClassRunner constructor called with [class com.remme.springboot.domain.posts.PostsRepositoryTest]
15:14:37.461 [Test worker] DEBUG org.springframework.test.context.BootstrapUtils - Instantiating CacheAwareContextLoaderDelegate from class [org.springframework.test.context.cache.DefaultCacheAwareContextLoaderDelegate]
15:14:37.483 [Test worker] DEBUG org.springframework.test.context.BootstrapUtils - Instantiating BootstrapContext using constructor [public org.springframework.test.context.support.DefaultBootstrapContext(java.lang.Class,org.springframework.test.context.CacheAwareContextLoaderDelegate)]
15:14:37.519 [Test worker] DEBUG org.springframework.test.context.BootstrapUtils - Instantiating TestContextBootstrapper for test class [com.remme.springboot.domain.posts.PostsRepositoryTest] from class [org.springframework.boot.test.context.SpringBootTestContextBootstrapper]
15:14:37.545 [Test worker] INFO org.springframework.boot.test.context.SpringBootTestContextBootstrapper - Neither @ContextConfiguration nor @ContextHierarchy found for test class [com.remme.springboot.domain.posts.PostsRepositoryTest], using SpringBootContextLoader
15:14:37.556 [Test worker] DEBUG org.springframework.test.context.support.AbstractContextLoader - Did not detect default resource location for test class [com.remme.springboot.domain.posts.PostsRepositoryTest]: class path resource [com/remme/springboot/domain/posts/PostsRepositoryTest-context.xml] does not exist
15:14:37.557 [Test worker] DEBUG org.springframework.test.context.support.AbstractContextLoader - Did not detect default resource location for test class [com.remme.springboot.domain.posts.PostsRepositoryTest]: class path resource [com/remme/springboot/domain/posts/PostsRepositoryTestContext.groovy] does not exist
15:14:37.557 [Test worker] INFO org.springframework.test.context.support.AbstractContextLoader - Could not detect default resource locations for test class [com.remme.springboot.domain.posts.PostsRepositoryTest]: no resource found for suffixes {-context.xml, Context.groovy}.
15:14:37.558 [Test worker] INFO org.springframework.test.context.support.AnnotationConfigContextLoaderUtils - Could not detect default configuration classes for test class [com.remme.springboot.domain.posts.PostsRepositoryTest]: PostsRepositoryTest does not declare any static, non-private, non-final, nested classes annotated with @Configuration.
15:14:37.688 [Test worker] DEBUG org.springframework.test.context.support.ActiveProfilesUtils - Could not find an 'annotation declaring class' for annotation type [org.springframework.test.context.ActiveProfiles] and class [com.remme.springboot.domain.posts.PostsRepositoryTest]
15:14:37.969 [Test worker] DEBUG org.springframework.context.annotation.ClassPathScanningCandidateComponentProvider - Identified candidate component class: file [E:\springboot2-aws-web\build\classes\java\main\com\remme\springboot\Application.class]
15:14:37.975 [Test worker] INFO org.springframework.boot.test.context.SpringBootTestContextBootstrapper - Found @SpringBootConfiguration com.remme.springboot.Application for test class com.remme.springboot.domain.posts.PostsRepositoryTest
15:14:38.169 [Test worker] DEBUG org.springframework.boot.test.context.SpringBootTestContextBootstrapper - @TestExecutionListeners is not present for class [com.remme.springboot.domain.posts.PostsRepositoryTest]: using defaults.
15:14:38.170 [Test worker] INFO org.springframework.boot.test.context.SpringBootTestContextBootstrapper - Loaded default TestExecutionListener class names from location [META-INF/spring.factories]: [org.springframework.boot.test.autoconfigure.restdocs.RestDocsTestExecutionListener, org.springframework.boot.test.autoconfigure.web.client.MockRestServiceServerResetTestExecutionListener, org.springframework.boot.test.autoconfigure.web.servlet.MockMvcPrintOnlyOnFailureTestExecutionListener, org.springframework.boot.test.autoconfigure.web.servlet.WebDriverTestExecutionListener, org.springframework.boot.test.mock.mockito.MockitoTestExecutionListener, org.springframework.boot.test.mock.mockito.ResetMocksTestExecutionListener, org.springframework.test.context.web.ServletTestExecutionListener, org.springframework.test.context.support.DirtiesContextBeforeModesTestExecutionListener, org.springframework.test.context.support.DependencyInjectionTestExecutionListener, org.springframework.test.context.support.DirtiesContextTestExecutionListener, org.springframework.test.context.transaction.TransactionalTestExecutionListener, org.springframework.test.context.jdbc.SqlScriptsTestExecutionListener]
15:14:38.234 [Test worker] INFO org.springframework.boot.test.context.SpringBootTestContextBootstrapper - Using TestExecutionListeners: [org.springframework.test.context.web.ServletTestExecutionListener@516d2fd, org.springframework.test.context.support.DirtiesContextBeforeModesTestExecutionListener@25a665d, org.springframework.boot.test.mock.mockito.MockitoTestExecutionListener@146669cb, org.springframework.boot.test.autoconfigure.SpringBootDependencyInjectionTestExecutionListener@57b06793, org.springframework.test.context.support.DirtiesContextTestExecutionListener@6482d6a2, org.springframework.test.context.transaction.TransactionalTestExecutionListener@35bb2ce1, org.springframework.test.context.jdbc.SqlScriptsTestExecutionListener@12b423ac, org.springframework.boot.test.autoconfigure.restdocs.RestDocsTestExecutionListener@46ec4296, org.springframework.boot.test.autoconfigure.web.client.MockRestServiceServerResetTestExecutionListener@3429bb2f, org.springframework.boot.test.autoconfigure.web.servlet.MockMvcPrintOnlyOnFailureTestExecutionListener@5899556f, org.springframework.boot.test.autoconfigure.web.servlet.WebDriverTestExecutionListener@6b03a493, org.springframework.boot.test.mock.mockito.ResetMocksTestExecutionListener@4fdfb397]
15:14:38.243 [Test worker] DEBUG org.springframework.test.annotation.ProfileValueUtils - Retrieved @ProfileValueSourceConfiguration [null] for test class [com.remme.springboot.domain.posts.PostsRepositoryTest]
15:14:38.244 [Test worker] DEBUG org.springframework.test.annotation.ProfileValueUtils - Retrieved ProfileValueSource type [class org.springframework.test.annotation.SystemProfileValueSource] for class [com.remme.springboot.domain.posts.PostsRepositoryTest]
15:14:38.266 [Test worker] DEBUG org.springframework.test.annotation.ProfileValueUtils - Retrieved @ProfileValueSourceConfiguration [null] for test class [com.remme.springboot.domain.posts.PostsRepositoryTest]
15:14:38.266 [Test worker] DEBUG org.springframework.test.annotation.ProfileValueUtils - Retrieved ProfileValueSource type [class org.springframework.test.annotation.SystemProfileValueSource] for class [com.remme.springboot.domain.posts.PostsRepositoryTest]
15:14:38.267 [Test worker] DEBUG org.springframework.test.annotation.ProfileValueUtils - Retrieved @ProfileValueSourceConfiguration [null] for test class [com.remme.springboot.domain.posts.PostsRepositoryTest]
15:14:38.268 [Test worker] DEBUG org.springframework.test.annotation.ProfileValueUtils - Retrieved ProfileValueSource type [class org.springframework.test.annotation.SystemProfileValueSource] for class [com.remme.springboot.domain.posts.PostsRepositoryTest]
15:14:38.279 [Test worker] DEBUG org.springframework.test.context.support.AbstractDirtiesContextTestExecutionListener - Before test class: context [DefaultTestContext@288b20ae testClass = PostsRepositoryTest, testInstance = [null], testMethod = [null], testException = [null], mergedContextConfiguration = [WebMergedContextConfiguration@38d984d8 testClass = PostsRepositoryTest, locations = '{}', classes = '{class com.remme.springboot.Application}', contextInitializerClasses = '[]', activeProfiles = '{}', propertySourceLocations = '{}', propertySourceProperties = '{org.springframework.boot.test.context.SpringBootTestContextBootstrapper=true}', contextCustomizers = set[org.springframework.boot.test.autoconfigure.properties.PropertyMappingContextCustomizer@0, org.springframework.boot.test.autoconfigure.web.servlet.WebDriverContextCustomizerFactory$Customizer@798c8ed5, org.springframework.boot.test.context.filter.ExcludeFilterContextCustomizer@5840e60f, org.springframework.boot.test.json.DuplicateJsonObjectContextCustomizerFactory$DuplicateJsonObjectContextCustomizer@69357244, org.springframework.boot.test.mock.mockito.MockitoContextCustomizer@0, org.springframework.boot.test.web.client.TestRestTemplateContextCustomizer@382a110a], resourceBasePath = 'src/main/webapp', contextLoader = 'org.springframework.boot.test.context.SpringBootContextLoader', parent = [null]], attributes = map['org.springframework.test.context.web.ServletTestExecutionListener.activateListener' -> true]], class annotated with @DirtiesContext [false] with mode [null].
15:14:38.282 [Test worker] DEBUG org.springframework.test.annotation.ProfileValueUtils - Retrieved @ProfileValueSourceConfiguration [null] for test class [com.remme.springboot.domain.posts.PostsRepositoryTest]
15:14:38.283 [Test worker] DEBUG org.springframework.test.annotation.ProfileValueUtils - Retrieved ProfileValueSource type [class org.springframework.test.annotation.SystemProfileValueSource] for class [com.remme.springboot.domain.posts.PostsRepositoryTest]
15:14:38.341 [Test worker] DEBUG org.springframework.test.context.support.TestPropertySourceUtils - Adding inlined properties to environment: {spring.jmx.enabled=false, org.springframework.boot.test.context.SpringBootTestContextBootstrapper=true, server.port=-1}

  .   ____          _            __ _ _
 /\\ / ___'_ __ _ _(_)_ __  __ _ \ \ \ \
( ( )\___ | '_ | '_| | '_ \/ _` | \ \ \ \
 \\/  ___)| |_)| | | | | || (_| |  ) ) ) )
  '  |____| .__|_| |_|_| |_\__, | / / / /
 =========|_|==============|___/=/_/_/_/
 :: Spring Boot ::        (v2.1.7.RELEASE)

2020-03-08 15:14:38.949  INFO 127976 --- [    Test worker] c.r.s.domain.posts.PostsRepositoryTest   : Starting PostsRepositoryTest on DESKTOP-9JJ15A7 with PID 127976 (started by shinu_o in E:\springboot2-aws-web)
2020-03-08 15:14:38.949  INFO 127976 --- [    Test worker] c.r.s.domain.posts.PostsRepositoryTest   : No active profile set, falling back to default profiles: default
2020-03-08 15:14:41.319  INFO 127976 --- [    Test worker] .s.d.r.c.RepositoryConfigurationDelegate : Bootstrapping Spring Data repositories in DEFAULT mode.
2020-03-08 15:14:41.447  INFO 127976 --- [    Test worker] .s.d.r.c.RepositoryConfigurationDelegate : Finished Spring Data repository scanning in 110ms. Found 2 repository interfaces.
2020-03-08 15:14:42.406  INFO 127976 --- [    Test worker] trationDelegate$BeanPostProcessorChecker : Bean 'org.springframework.transaction.annotation.ProxyTransactionManagementConfiguration' of type [org.springframework.transaction.annotation.ProxyTransactionManagementConfiguration$$EnhancerBySpringCGLIB$$e986042b] is not eligible for getting processed by all BeanPostProcessors (for example: not eligible for auto-proxying)
2020-03-08 15:14:42.808  INFO 127976 --- [    Test worker] com.zaxxer.hikari.HikariDataSource       : HikariPool-1 - Starting...
2020-03-08 15:14:43.121  INFO 127976 --- [    Test worker] com.zaxxer.hikari.HikariDataSource       : HikariPool-1 - Start completed.
2020-03-08 15:14:43.374  INFO 127976 --- [    Test worker] o.hibernate.jpa.internal.util.LogHelper  : HHH000204: Processing PersistenceUnitInfo [
	name: default
	...]
2020-03-08 15:14:43.540  INFO 127976 --- [    Test worker] org.hibernate.Version                    : HHH000412: Hibernate Core {5.3.10.Final}
2020-03-08 15:14:43.547  INFO 127976 --- [    Test worker] org.hibernate.cfg.Environment            : HHH000206: hibernate.properties not found
2020-03-08 15:14:43.921  INFO 127976 --- [    Test worker] o.hibernate.annotations.common.Version   : HCANN000001: Hibernate Commons Annotations {5.0.4.Final}
2020-03-08 15:14:44.208  INFO 127976 --- [    Test worker] org.hibernate.dialect.Dialect            : HHH000400: Using dialect: org.hibernate.dialect.MySQL5InnoDBDialect
Hibernate: drop table if exists posts
Hibernate: drop table if exists user
Hibernate: create table posts (id bigint not null auto_increment, create_date datetime, modified_date datetime, author varchar(255), content TEXT not null, title varchar(500) not null, primary key (id)) engine=InnoDB
Hibernate: create table user (id bigint not null auto_increment, create_date datetime, modified_date datetime, email varchar(255) not null, name varchar(255) not null, picture varchar(255), role varchar(255), primary key (id)) engine=InnoDB
2020-03-08 15:14:45.548  INFO 127976 --- [    Test worker] o.h.t.schema.internal.SchemaCreatorImpl  : HHH000476: Executing import script 'org.hibernate.tool.schema.internal.exec.ScriptSourceInputNonExistentImpl@10ce7933'
2020-03-08 15:14:45.548  INFO 127976 --- [    Test worker] j.LocalContainerEntityManagerFactoryBean : Initialized JPA EntityManagerFactory for persistence unit 'default'
2020-03-08 15:14:46.533  INFO 127976 --- [    Test worker] o.h.h.i.QueryTranslatorFactoryInitiator  : HHH000397: Using ASTQueryTranslatorFactory
2020-03-08 15:14:47.559  INFO 127976 --- [    Test worker] o.s.s.web.DefaultSecurityFilterChain     : Creating filter chain: any request, [org.springframework.security.web.context.request.async.WebAsyncManagerIntegrationFilter@323d476a, org.springframework.security.web.context.SecurityContextPersistenceFilter@56e00dbf, org.springframework.security.web.header.HeaderWriterFilter@644b539, org.springframework.security.web.authentication.logout.LogoutFilter@3b088c9f, org.springframework.security.oauth2.client.web.OAuth2AuthorizationRequestRedirectFilter@24cff3d7, org.springframework.security.oauth2.client.web.OAuth2LoginAuthenticationFilter@1eb3be83, org.springframework.security.web.authentication.ui.DefaultLoginPageGeneratingFilter@2e35c837, org.springframework.security.web.authentication.ui.DefaultLogoutPageGeneratingFilter@63e64577, org.springframework.security.web.savedrequest.RequestCacheAwareFilter@4764931, org.springframework.security.web.servletapi.SecurityContextHolderAwareRequestFilter@2f8d7f28, org.springframework.security.web.authentication.AnonymousAuthenticationFilter@5cfbb50, org.springframework.security.web.session.SessionManagementFilter@4d9a5f96, org.springframework.security.web.access.ExceptionTranslationFilter@119de4cd, org.springframework.security.web.access.intercept.FilterSecurityInterceptor@68f02ce0]
2020-03-08 15:14:48.862  INFO 127976 --- [    Test worker] o.s.s.concurrent.ThreadPoolTaskExecutor  : Initializing ExecutorService 'applicationTaskExecutor'
2020-03-08 15:14:49.024  WARN 127976 --- [    Test worker] aWebConfiguration$JpaWebMvcConfiguration : spring.jpa.open-in-view is enabled by default. Therefore, database queries may be performed during view rendering. Explicitly configure spring.jpa.open-in-view to disable this warning
2020-03-08 15:14:49.108  INFO 127976 --- [    Test worker] o.s.b.a.w.s.WelcomePageHandlerMapping    : Adding welcome page template: index
2020-03-08 15:14:50.024  INFO 127976 --- [    Test worker] s.a.ScheduledAnnotationBeanPostProcessor : No TaskScheduler/ScheduledExecutorService bean found for scheduled processing
2020-03-08 15:14:50.038  INFO 127976 --- [    Test worker] c.r.s.domain.posts.PostsRepositoryTest   : Started PostsRepositoryTest in 11.674 seconds (JVM running for 14.908)
Hibernate: insert into posts (create_date, modified_date, author, content, title) values (?, ?, ?, ?, ?)
Hibernate: select posts0_.id as id1_0_, posts0_.create_date as create_d2_0_, posts0_.modified_date as modified3_0_, posts0_.author as author4_0_, posts0_.content as content5_0_, posts0_.title as title6_0_ from posts posts0_
>>>>>>>>> createDate=2020-03-08T15:14:50.338185, modifiedDate=2020-03-08T15:14:50.338185
Hibernate: select posts0_.id as id1_0_, posts0_.create_date as create_d2_0_, posts0_.modified_date as modified3_0_, posts0_.author as author4_0_, posts0_.content as content5_0_, posts0_.title as title6_0_ from posts posts0_
Hibernate: delete from posts where id=?
]]></system-out>
  <system-err><![CDATA[]]></system-err>
</testsuite>
