<?xml version="1.0" encoding="UTF-8"?>
<testsuite name="com.remme.springboot.IndexControllerTest" tests="1" skipped="0" failures="0" errors="0" timestamp="2020-03-09T12:46:26" hostname="DESKTOP-9JJ15A7" time="0.527">
  <properties/>
  <testcase name="메인페이지_로딩" classname="com.remme.springboot.IndexControllerTest" time="0.527"/>
  <system-out><![CDATA[2020-03-09 21:46:25.987  INFO 21952 --- [    Test worker] .b.t.c.SpringBootTestContextBootstrapper : Neither @ContextConfiguration nor @ContextHierarchy found for test class [com.remme.springboot.IndexControllerTest], using SpringBootContextLoader
2020-03-09 21:46:25.989  INFO 21952 --- [    Test worker] o.s.t.c.support.AbstractContextLoader    : Could not detect default resource locations for test class [com.remme.springboot.IndexControllerTest]: no resource found for suffixes {-context.xml, Context.groovy}.
2020-03-09 21:46:25.990  INFO 21952 --- [    Test worker] t.c.s.AnnotationConfigContextLoaderUtils : Could not detect default configuration classes for test class [com.remme.springboot.IndexControllerTest]: IndexControllerTest does not declare any static, non-private, non-final, nested classes annotated with @Configuration.
2020-03-09 21:46:25.992  INFO 21952 --- [    Test worker] .b.t.c.SpringBootTestContextBootstrapper : Found @SpringBootConfiguration com.remme.springboot.Application for test class com.remme.springboot.IndexControllerTest
2020-03-09 21:46:26.003  INFO 21952 --- [    Test worker] .b.t.c.SpringBootTestContextBootstrapper : Loaded default TestExecutionListener class names from location [META-INF/spring.factories]: [org.springframework.security.test.context.support.WithSecurityContextTestExecutionListener, org.springframework.security.test.context.support.ReactorContextTestExecutionListener, org.springframework.boot.test.autoconfigure.restdocs.RestDocsTestExecutionListener, org.springframework.boot.test.autoconfigure.web.client.MockRestServiceServerResetTestExecutionListener, org.springframework.boot.test.autoconfigure.web.servlet.MockMvcPrintOnlyOnFailureTestExecutionListener, org.springframework.boot.test.autoconfigure.web.servlet.WebDriverTestExecutionListener, org.springframework.boot.test.mock.mockito.MockitoTestExecutionListener, org.springframework.boot.test.mock.mockito.ResetMocksTestExecutionListener, org.springframework.test.context.web.ServletTestExecutionListener, org.springframework.test.context.support.DirtiesContextBeforeModesTestExecutionListener, org.springframework.test.context.support.DependencyInjectionTestExecutionListener, org.springframework.test.context.support.DirtiesContextTestExecutionListener, org.springframework.test.context.transaction.TransactionalTestExecutionListener, org.springframework.test.context.jdbc.SqlScriptsTestExecutionListener]
2020-03-09 21:46:26.004  INFO 21952 --- [    Test worker] .b.t.c.SpringBootTestContextBootstrapper : Using TestExecutionListeners: [org.springframework.test.context.web.ServletTestExecutionListener@43be750f, org.springframework.test.context.support.DirtiesContextBeforeModesTestExecutionListener@39017df7, org.springframework.boot.test.mock.mockito.MockitoTestExecutionListener@1adc0072, org.springframework.boot.test.autoconfigure.SpringBootDependencyInjectionTestExecutionListener@4c4ebc38, org.springframework.test.context.support.DirtiesContextTestExecutionListener@7c68aeb3, org.springframework.test.context.transaction.TransactionalTestExecutionListener@4eb48a0c, org.springframework.test.context.jdbc.SqlScriptsTestExecutionListener@3491cc38, org.springframework.security.test.context.support.WithSecurityContextTestExecutionListener@d0709ee, org.springframework.security.test.context.support.ReactorContextTestExecutionListener@342333cb, org.springframework.boot.test.autoconfigure.restdocs.RestDocsTestExecutionListener@5e2d2ba9, org.springframework.boot.test.autoconfigure.web.client.MockRestServiceServerResetTestExecutionListener@64e7dc58, org.springframework.boot.test.autoconfigure.web.servlet.MockMvcPrintOnlyOnFailureTestExecutionListener@511ae153, org.springframework.boot.test.autoconfigure.web.servlet.WebDriverTestExecutionListener@7c0a2dd0, org.springframework.boot.test.mock.mockito.ResetMocksTestExecutionListener@4b4d319b]
2020-03-09 21:46:26.348  INFO 21952 --- [o-auto-1-exec-1] o.a.c.c.C.[Tomcat].[localhost].[/]       : Initializing Spring DispatcherServlet 'dispatcherServlet'
2020-03-09 21:46:26.350  INFO 21952 --- [o-auto-1-exec-1] o.s.web.servlet.DispatcherServlet        : Initializing Servlet 'dispatcherServlet'
2020-03-09 21:46:26.359  INFO 21952 --- [o-auto-1-exec-1] o.s.web.servlet.DispatcherServlet        : Completed initialization in 7 ms
Hibernate: select posts0_.id as id1_0_, posts0_.create_date as create_d2_0_, posts0_.modified_date as modified3_0_, posts0_.author as author4_0_, posts0_.content as content5_0_, posts0_.title as title6_0_ from posts posts0_ order by posts0_.id DESC
]]></system-out>
  <system-err><![CDATA[]]></system-err>
</testsuite>
