<?xml version="1.0" encoding="UTF-8"?>
<testsuite name="com.remme.springboot.HelloControllerTest" tests="2" skipped="0" failures="0" errors="0" timestamp="2020-03-09T12:46:25" hostname="DESKTOP-9JJ15A7" time="0.133">
  <properties/>
  <testcase name="hello가_리턴된다" classname="com.remme.springboot.HelloControllerTest" time="0.051"/>
  <testcase name="helloDto가_리턴된다" classname="com.remme.springboot.HelloControllerTest" time="0.081"/>
  <system-out><![CDATA[2020-03-09 21:46:20.757  INFO 21952 --- [    Test worker] .b.t.a.w.s.WebMvcTestContextBootstrapper : Neither @ContextConfiguration nor @ContextHierarchy found for test class [com.remme.springboot.HelloControllerTest], using SpringBootContextLoader
2020-03-09 21:46:20.765  INFO 21952 --- [    Test worker] o.s.t.c.support.AbstractContextLoader    : Could not detect default resource locations for test class [com.remme.springboot.HelloControllerTest]: no resource found for suffixes {-context.xml, Context.groovy}.
2020-03-09 21:46:20.768  INFO 21952 --- [    Test worker] t.c.s.AnnotationConfigContextLoaderUtils : Could not detect default configuration classes for test class [com.remme.springboot.HelloControllerTest]: HelloControllerTest does not declare any static, non-private, non-final, nested classes annotated with @Configuration.
2020-03-09 21:46:20.904  INFO 21952 --- [    Test worker] .b.t.c.SpringBootTestContextBootstrapper : Found @SpringBootConfiguration com.remme.springboot.Application for test class com.remme.springboot.HelloControllerTest
2020-03-09 21:46:20.916  INFO 21952 --- [    Test worker] .b.t.a.w.s.WebMvcTestContextBootstrapper : Loaded default TestExecutionListener class names from location [META-INF/spring.factories]: [org.springframework.security.test.context.support.WithSecurityContextTestExecutionListener, org.springframework.security.test.context.support.ReactorContextTestExecutionListener, org.springframework.boot.test.autoconfigure.restdocs.RestDocsTestExecutionListener, org.springframework.boot.test.autoconfigure.web.client.MockRestServiceServerResetTestExecutionListener, org.springframework.boot.test.autoconfigure.web.servlet.MockMvcPrintOnlyOnFailureTestExecutionListener, org.springframework.boot.test.autoconfigure.web.servlet.WebDriverTestExecutionListener, org.springframework.boot.test.mock.mockito.MockitoTestExecutionListener, org.springframework.boot.test.mock.mockito.ResetMocksTestExecutionListener, org.springframework.test.context.web.ServletTestExecutionListener, org.springframework.test.context.support.DirtiesContextBeforeModesTestExecutionListener, org.springframework.test.context.support.DependencyInjectionTestExecutionListener, org.springframework.test.context.support.DirtiesContextTestExecutionListener, org.springframework.test.context.transaction.TransactionalTestExecutionListener, org.springframework.test.context.jdbc.SqlScriptsTestExecutionListener]
2020-03-09 21:46:20.918  INFO 21952 --- [    Test worker] .b.t.a.w.s.WebMvcTestContextBootstrapper : Using TestExecutionListeners: [org.springframework.test.context.web.ServletTestExecutionListener@29865dfb, org.springframework.test.context.support.DirtiesContextBeforeModesTestExecutionListener@2f74a400, org.springframework.boot.test.mock.mockito.MockitoTestExecutionListener@6c6b2891, org.springframework.boot.test.autoconfigure.SpringBootDependencyInjectionTestExecutionListener@4e16f9ae, org.springframework.test.context.support.DirtiesContextTestExecutionListener@55e41c12, org.springframework.test.context.transaction.TransactionalTestExecutionListener@5fbaf60a, org.springframework.test.context.jdbc.SqlScriptsTestExecutionListener@6a2062cc, org.springframework.security.test.context.support.WithSecurityContextTestExecutionListener@13023daf, org.springframework.security.test.context.support.ReactorContextTestExecutionListener@66f3a751, org.springframework.boot.test.autoconfigure.restdocs.RestDocsTestExecutionListener@6ef10723, org.springframework.boot.test.autoconfigure.web.client.MockRestServiceServerResetTestExecutionListener@7ae3e33, org.springframework.boot.test.autoconfigure.web.servlet.MockMvcPrintOnlyOnFailureTestExecutionListener@5c3942c, org.springframework.boot.test.autoconfigure.web.servlet.WebDriverTestExecutionListener@7ef162ea, org.springframework.boot.test.mock.mockito.ResetMocksTestExecutionListener@18dfba08]

  .   ____          _            __ _ _
 /\\ / ___'_ __ _ _(_)_ __  __ _ \ \ \ \
( ( )\___ | '_ | '_| | '_ \/ _` | \ \ \ \
 \\/  ___)| |_)| | | | | || (_| |  ) ) ) )
  '  |____| .__|_| |_|_| |_\__, | / / / /
 =========|_|==============|___/=/_/_/_/
 :: Spring Boot ::        (v2.1.7.RELEASE)

2020-03-09 21:46:21.152  INFO 21952 --- [    Test worker] c.remme.springboot.HelloControllerTest   : Starting HelloControllerTest on DESKTOP-9JJ15A7 with PID 21952 (started by shinu_o in E:\springboot2-aws-web)
2020-03-09 21:46:21.172  INFO 21952 --- [    Test worker] c.remme.springboot.HelloControllerTest   : No active profile set, falling back to default profiles: default
2020-03-09 21:46:24.455  INFO 21952 --- [    Test worker] o.s.s.concurrent.ThreadPoolTaskExecutor  : Initializing ExecutorService 'applicationTaskExecutor'
2020-03-09 21:46:24.615  INFO 21952 --- [    Test worker] o.s.b.a.w.s.WelcomePageHandlerMapping    : Adding welcome page template: index
2020-03-09 21:46:25.324  INFO 21952 --- [    Test worker] .s.s.UserDetailsServiceAutoConfiguration : 

Using generated security password: 6aa434fe-3fec-42b1-b5c0-0050f7300611

2020-03-09 21:46:25.716  INFO 21952 --- [    Test worker] o.s.s.web.DefaultSecurityFilterChain     : Creating filter chain: any request, [org.springframework.security.web.context.request.async.WebAsyncManagerIntegrationFilter@505ed05e, org.springframework.security.web.context.SecurityContextPersistenceFilter@4251daac, org.springframework.security.web.header.HeaderWriterFilter@473b2787, org.springframework.security.web.csrf.CsrfFilter@4fdac228, org.springframework.security.web.authentication.logout.LogoutFilter@2dbd67af, org.springframework.security.web.authentication.UsernamePasswordAuthenticationFilter@1e360932, org.springframework.security.web.authentication.ui.DefaultLoginPageGeneratingFilter@7d36e857, org.springframework.security.web.authentication.ui.DefaultLogoutPageGeneratingFilter@45c6d0f8, org.springframework.security.web.authentication.www.BasicAuthenticationFilter@674bbb8c, org.springframework.security.web.savedrequest.RequestCacheAwareFilter@76e50ae0, org.springframework.security.web.servletapi.SecurityContextHolderAwareRequestFilter@68fc1ca4, org.springframework.security.web.authentication.AnonymousAuthenticationFilter@7feb8417, org.springframework.security.web.session.SessionManagementFilter@5e6976ca, org.springframework.security.web.access.ExceptionTranslationFilter@21c2a85e, org.springframework.security.web.access.intercept.FilterSecurityInterceptor@2dde9545]
2020-03-09 21:46:25.758  INFO 21952 --- [    Test worker] o.s.b.t.m.w.SpringBootMockServletContext : Initializing Spring TestDispatcherServlet ''
2020-03-09 21:46:25.758  INFO 21952 --- [    Test worker] o.s.t.web.servlet.TestDispatcherServlet  : Initializing Servlet ''
2020-03-09 21:46:25.765  INFO 21952 --- [    Test worker] o.s.t.web.servlet.TestDispatcherServlet  : Completed initialization in 7 ms
2020-03-09 21:46:25.832  INFO 21952 --- [    Test worker] c.remme.springboot.HelloControllerTest   : Started HelloControllerTest in 4.897 seconds (JVM running for 73.25)
]]></system-out>
  <system-err><![CDATA[]]></system-err>
</testsuite>
